
======================================================================
  TRACK 2: BLEND & PATTERN OPTIMIZATION
======================================================================

  --- Part A: Blend Ratio Sweep ---

============================================================
  Track2A: xavier_ca5 @ 10min, seed=42
  init=xavier_ca5  minutes=10  seed=42
============================================================
RESULT_JSON: {"val_bpb": 1.242, "init_loss": 5.5463, "init_bpb": 8.0013, "final_train_loss": 0.8564, "total_steps": 10355, "params": 491574, "peak_memory_mb": 6096.0, "wall_time_s": 600.3, "init_method": "xavier_ca5", "seed": 42, "time_budget_s": 600, "loss_curve": [[0, 0.2, 7.999], [550, 32.0, 1.6451], [1100, 63.8, 1.5048], [1650, 95.6, 1.431], [2200, 127.5, 1.408], [2750, 159.3, 1.3673], [3300, 191.2, 1.3604], [3850, 223.1, 1.3205], [4400, 254.9, 1.3128], [4950, 286.8, 1.3133], [5500, 318.7, 1.2961], [6050, 350.5, 1.2986], [6600, 382.4, 1.2858], [7150, 414.3, 1.2679], [7700, 446.2, 1.293], [8250, 478.0, 1.2832], [8800, 510.0, 1.2578], [9350, 541.8, 1.2656], [9900, 573.7, 1.2482], [10355, 600.3, 1.242]]}
  => val_bpb=1.2420  steps=10355  time=600.3s

============================================================
  Track2A: xavier_ca5 @ 10min, seed=137
  init=xavier_ca5  minutes=10  seed=137
============================================================
RESULT_JSON: {"val_bpb": 1.2542, "init_loss": 5.5453, "init_bpb": 8.0001, "final_train_loss": 0.8954, "total_steps": 10814, "params": 491574, "peak_memory_mb": 6096.0, "wall_time_s": 600.4, "init_method": "xavier_ca5", "seed": 137, "time_budget_s": 600, "loss_curve": [[0, 0.0, 7.9979], [550, 30.5, 1.645], [1100, 61.0, 1.5261], [1650, 91.5, 1.4421], [2200, 122.0, 1.4014], [2750, 152.5, 1.39], [3300, 183.0, 1.3589], [3850, 213.6, 1.3573], [4400, 244.1, 1.337], [4950, 274.6, 1.319], [5500, 305.2, 1.3105], [6050, 335.7, 1.3138], [6600, 366.2, 1.2962], [7150, 396.6, 1.2785], [7700, 427.2, 1.2907], [8250, 457.7, 1.2969], [8800, 488.2, 1.2939], [9350, 518.7, 1.2716], [9900, 549.3, 1.2514], [10450, 579.8, 1.2511], [10814, 600.4, 1.2542]]}
  => val_bpb=1.2542  steps=10814  time=600.4s
  xavier_ca5: mean val_bpb = 1.2481

============================================================
  Track2A: xavier_ca10 @ 10min, seed=42
  init=xavier_ca10  minutes=10  seed=42
============================================================
RESULT_JSON: {"val_bpb": 1.2609, "init_loss": 5.5464, "init_bpb": 8.0015, "final_train_loss": 0.8467, "total_steps": 10774, "params": 491574, "peak_memory_mb": 6096.0, "wall_time_s": 600.3, "init_method": "xavier_ca10", "seed": 42, "time_budget_s": 600, "loss_curve": [[0, 0.0, 7.9992], [550, 30.6, 1.655], [1100, 61.2, 1.5098], [1650, 91.8, 1.4304], [2200, 122.3, 1.404], [2750, 152.9, 1.3611], [3300, 183.5, 1.3567], [3850, 214.1, 1.313], [4400, 244.8, 1.3089], [4950, 275.4, 1.3073], [5500, 306.0, 1.2945], [6050, 336.6, 1.2947], [6600, 367.4, 1.2811], [7150, 398.1, 1.266], [7700, 428.7, 1.2847], [8250, 459.4, 1.2757], [8800, 490.0, 1.2518], [9350, 520.6, 1.2552], [9900, 551.3, 1.2399], [10450, 581.9, 1.2736], [10774, 600.3, 1.2609]]}
  => val_bpb=1.2609  steps=10774  time=600.3s

============================================================
  Track2A: xavier_ca10 @ 10min, seed=137
  init=xavier_ca10  minutes=10  seed=137
============================================================
RESULT_JSON: {"val_bpb": 1.2597, "init_loss": 5.5454, "init_bpb": 8.0002, "final_train_loss": 0.9047, "total_steps": 10760, "params": 491574, "peak_memory_mb": 6096.0, "wall_time_s": 600.3, "init_method": "xavier_ca10", "seed": 137, "time_budget_s": 600, "loss_curve": [[0, 0.1, 7.998], [550, 30.7, 1.6465], [1100, 61.3, 1.518], [1650, 92.0, 1.4357], [2200, 122.7, 1.3906], [2750, 153.3, 1.3828], [3300, 184.0, 1.352], [3850, 214.7, 1.362], [4400, 245.3, 1.3311], [4950, 276.0, 1.3186], [5500, 306.7, 1.3034], [6050, 337.4, 1.312], [6600, 368.0, 1.2915], [7150, 398.7, 1.2795], [7700, 429.3, 1.2826], [8250, 460.0, 1.289], [8800, 490.7, 1.2884], [9350, 521.4, 1.2683], [9900, 552.0, 1.2447], [10450, 582.7, 1.2499], [10760, 600.3, 1.2597]]}
  => val_bpb=1.2597  steps=10760  time=600.3s
  xavier_ca10: mean val_bpb = 1.2603

============================================================
  Track2A: xavier_ca15 @ 10min, seed=42
  init=xavier_ca15  minutes=10  seed=42
============================================================
RESULT_JSON: {"val_bpb": 1.2542, "init_loss": 5.5465, "init_bpb": 8.0017, "final_train_loss": 0.8853, "total_steps": 10749, "params": 491574, "peak_memory_mb": 6180.0, "wall_time_s": 600.3, "init_method": "xavier_ca15", "seed": 42, "time_budget_s": 600, "loss_curve": [[0, 0.1, 7.9994], [550, 30.7, 1.6625], [1100, 61.3, 1.5119], [1650, 92.0, 1.4395], [2200, 122.7, 1.4102], [2750, 153.4, 1.3739], [3300, 184.1, 1.371], [3850, 214.8, 1.3265], [4400, 245.4, 1.3132], [4950, 276.2, 1.3134], [5500, 306.9, 1.3012], [6050, 337.6, 1.2955], [6600, 368.3, 1.287], [7150, 399.0, 1.2763], [7700, 429.7, 1.2904], [8250, 460.5, 1.2772], [8800, 491.1, 1.2544], [9350, 521.9, 1.2669], [9900, 552.6, 1.247], [10450, 583.3, 1.2762], [10749, 600.3, 1.2542]]}
  => val_bpb=1.2542  steps=10749  time=600.3s

============================================================
  Track2A: xavier_ca15 @ 10min, seed=137
  init=xavier_ca15  minutes=10  seed=137
============================================================
RESULT_JSON: {"val_bpb": 1.2566, "init_loss": 5.5454, "init_bpb": 8.0003, "final_train_loss": 0.8178, "total_steps": 10605, "params": 491574, "peak_memory_mb": 6337.0, "wall_time_s": 600.3, "init_method": "xavier_ca15", "seed": 137, "time_budget_s": 600, "loss_curve": [[0, 0.1, 7.998], [550, 31.1, 1.6441], [1100, 62.2, 1.5166], [1650, 93.3, 1.4326], [2200, 124.4, 1.3964], [2750, 155.5, 1.3798], [3300, 186.6, 1.3626], [3850, 217.8, 1.3607], [4400, 248.9, 1.3382], [4950, 280.0, 1.3187], [5500, 311.2, 1.3101], [6050, 342.3, 1.3152], [6600, 373.4, 1.2957], [7150, 404.5, 1.2878], [7700, 435.6, 1.2875], [8250, 466.7, 1.2941], [8800, 497.8, 1.2953], [9350, 528.9, 1.2722], [9900, 560.0, 1.2496], [10450, 591.1, 1.2524], [10605, 600.3, 1.2566]]}
  => val_bpb=1.2566  steps=10605  time=600.3s
  xavier_ca15: mean val_bpb = 1.2554

============================================================
  Track2A: xavier_ca20 @ 10min, seed=42
  init=xavier_ca20  minutes=10  seed=42
============================================================
RESULT_JSON: {"val_bpb": 1.2559, "init_loss": 5.5467, "init_bpb": 8.0019, "final_train_loss": 0.9089, "total_steps": 10718, "params": 491574, "peak_memory_mb": 6768.0, "wall_time_s": 600.3, "init_method": "xavier_ca20", "seed": 42, "time_budget_s": 600, "loss_curve": [[0, 0.0, 7.9995], [550, 30.8, 1.6591], [1100, 61.6, 1.5159], [1650, 92.4, 1.4364], [2200, 123.2, 1.4138], [2750, 154.0, 1.3668], [3300, 184.7, 1.3617], [3850, 215.5, 1.3214], [4400, 246.3, 1.3131], [4950, 277.1, 1.3126], [5500, 307.9, 1.2945], [6050, 338.7, 1.2922], [6600, 369.5, 1.2771], [7150, 400.3, 1.264], [7700, 431.1, 1.2865], [8250, 461.9, 1.2749], [8800, 492.7, 1.2558], [9350, 523.4, 1.2579], [9900, 554.2, 1.2446], [10450, 585.0, 1.2773], [10718, 600.3, 1.2559]]}
  => val_bpb=1.2559  steps=10718  time=600.3s

============================================================
  Track2A: xavier_ca20 @ 10min, seed=137
  init=xavier_ca20  minutes=10  seed=137
============================================================
RESULT_JSON: {"val_bpb": 1.2468, "init_loss": 5.5455, "init_bpb": 8.0003, "final_train_loss": 0.8697, "total_steps": 10816, "params": 491574, "peak_memory_mb": 6768.0, "wall_time_s": 600.3, "init_method": "xavier_ca20", "seed": 137, "time_budget_s": 600, "loss_curve": [[0, 0.0, 7.9981], [550, 30.6, 1.6476], [1100, 61.1, 1.5235], [1650, 91.7, 1.4376], [2200, 122.1, 1.3999], [2750, 152.7, 1.3828], [3300, 183.2, 1.3568], [3850, 213.7, 1.3539], [4400, 244.2, 1.3277], [4950, 274.7, 1.3134], [5500, 305.3, 1.3078], [6050, 335.7, 1.3075], [6600, 366.3, 1.2858], [7150, 396.8, 1.2774], [7700, 427.3, 1.2778], [8250, 457.7, 1.2843], [8800, 488.2, 1.2825], [9350, 518.7, 1.264], [9900, 549.2, 1.2438], [10450, 579.7, 1.239], [10816, 600.3, 1.2468]]}
  => val_bpb=1.2468  steps=10816  time=600.3s
  xavier_ca20: mean val_bpb = 1.2513

============================================================
  Track2A: xavier_ca30 @ 10min, seed=42
  init=xavier_ca30  minutes=10  seed=42
============================================================
RESULT_JSON: {"val_bpb": 1.2618, "init_loss": 5.5469, "init_bpb": 8.0022, "final_train_loss": 0.805, "total_steps": 10577, "params": 491574, "peak_memory_mb": 6768.0, "wall_time_s": 600.3, "init_method": "xavier_ca30", "seed": 42, "time_budget_s": 600, "loss_curve": [[0, 0.0, 7.9998], [550, 31.1, 1.6552], [1100, 62.3, 1.5137], [1650, 93.4, 1.4409], [2200, 124.6, 1.4185], [2750, 155.7, 1.3733], [3300, 186.9, 1.3661], [3850, 218.0, 1.3235], [4400, 249.2, 1.3157], [4950, 280.3, 1.3139], [5500, 311.5, 1.2987], [6050, 342.7, 1.2956], [6600, 373.9, 1.2845], [7150, 405.1, 1.2735], [7700, 436.2, 1.2932], [8250, 467.4, 1.2794], [8800, 498.6, 1.2588], [9350, 529.7, 1.2647], [9900, 560.9, 1.2527], [10450, 592.6, 1.2827], [10577, 600.3, 1.2618]]}
  => val_bpb=1.2618  steps=10577  time=600.3s

============================================================
  Track2A: xavier_ca30 @ 10min, seed=137
  init=xavier_ca30  minutes=10  seed=137
============================================================
RESULT_JSON: {"val_bpb": 1.2641, "init_loss": 5.5455, "init_bpb": 8.0004, "final_train_loss": 0.9005, "total_steps": 10622, "params": 491574, "peak_memory_mb": 6768.0, "wall_time_s": 600.3, "init_method": "xavier_ca30", "seed": 137, "time_budget_s": 600, "loss_curve": [[0, 0.0, 7.9981], [550, 32.3, 1.6428], [1100, 64.0, 1.5227], [1650, 96.0, 1.4403], [2200, 128.3, 1.4019], [2750, 159.1, 1.3902], [3300, 189.9, 1.3601], [3850, 220.7, 1.3654], [4400, 251.5, 1.3389], [4950, 282.3, 1.3268], [5500, 313.1, 1.3184], [6050, 343.9, 1.3159], [6600, 374.7, 1.2995], [7150, 405.5, 1.2869], [7700, 436.3, 1.2885], [8250, 467.1, 1.2973], [8800, 497.9, 1.2962], [9350, 528.7, 1.2755], [9900, 559.5, 1.2563], [10450, 590.3, 1.2559], [10622, 600.3, 1.2641]]}
  => val_bpb=1.2641  steps=10622  time=600.3s
  xavier_ca30: mean val_bpb = 1.2630

  Best blend ratio: 5% (val_bpb: 1.2481)

  --- Part B: CA Pattern Type Comparison ---

============================================================
  Track2B: xavier_grid_ca @ 10min, seed=42
  init=xavier_grid_ca  minutes=10  seed=42
============================================================
RESULT_JSON: {"val_bpb": 1.2628, "init_loss": 5.5464, "init_bpb": 8.0015, "final_train_loss": 0.8327, "total_steps": 10820, "params": 491574, "peak_memory_mb": 6768.0, "wall_time_s": 600.3, "init_method": "xavier_grid_ca", "seed": 42, "time_budget_s": 600, "loss_curve": [[0, 0.1, 7.9992], [550, 30.5, 1.655], [1100, 61.0, 1.5098], [1650, 91.5, 1.4304], [2200, 122.0, 1.404], [2750, 152.6, 1.3611], [3300, 183.1, 1.3567], [3850, 213.5, 1.313], [4400, 244.1, 1.3089], [4950, 274.6, 1.3072], [5500, 305.1, 1.2946], [6050, 335.6, 1.2947], [6600, 366.0, 1.281], [7150, 396.5, 1.266], [7700, 427.0, 1.2848], [8250, 457.6, 1.2757], [8800, 488.0, 1.2518], [9350, 518.5, 1.2553], [9900, 549.0, 1.2399], [10450, 579.5, 1.2736], [10820, 600.3, 1.2628]]}
  => val_bpb=1.2628  steps=10820  time=600.3s

============================================================
  Track2B: xavier_grid_ca @ 10min, seed=137
  init=xavier_grid_ca  minutes=10  seed=137
============================================================
RESULT_JSON: {"val_bpb": 1.2706, "init_loss": 5.5454, "init_bpb": 8.0002, "final_train_loss": 0.8716, "total_steps": 10779, "params": 491574, "peak_memory_mb": 6964.0, "wall_time_s": 600.3, "init_method": "xavier_grid_ca", "seed": 137, "time_budget_s": 600, "loss_curve": [[0, 0.1, 7.998], [550, 30.6, 1.6465], [1100, 61.3, 1.518], [1650, 91.9, 1.4357], [2200, 122.5, 1.3906], [2750, 153.1, 1.3828], [3300, 183.7, 1.352], [3850, 214.3, 1.362], [4400, 245.0, 1.3311], [4950, 275.6, 1.3186], [5500, 306.2, 1.3034], [6050, 336.8, 1.312], [6600, 367.4, 1.2915], [7150, 398.0, 1.2795], [7700, 428.6, 1.2826], [8250, 459.2, 1.289], [8800, 489.8, 1.2885], [9350, 520.4, 1.2682], [9900, 551.0, 1.2446], [10450, 581.6, 1.2497], [10779, 600.3, 1.2706]]}
  => val_bpb=1.2706  steps=10779  time=600.3s
  xavier_grid_ca: mean val_bpb = 1.2667

============================================================
  Track2B: xavier_rd_spots @ 10min, seed=42
  init=xavier_rd_spots  minutes=10  seed=42
============================================================
RESULT_JSON: {"val_bpb": 1.3617, "init_loss": 5.5446, "init_bpb": 7.9994, "final_train_loss": 0.9325, "total_steps": 10728, "params": 491574, "peak_memory_mb": 6964.0, "wall_time_s": 600.3, "init_method": "xavier_rd_spots", "seed": 42, "time_budget_s": 600, "loss_curve": [[0, 0.1, 7.9975], [550, 30.8, 2.0195], [1100, 61.6, 1.7078], [1650, 92.3, 1.6126], [2200, 123.1, 1.5717], [2750, 153.8, 1.5104], [3300, 184.5, 1.4947], [3850, 215.3, 1.4777], [4400, 246.1, 1.4533], [4950, 276.8, 1.4399], [5500, 307.6, 1.4412], [6050, 338.4, 1.4059], [6600, 369.1, 1.4178], [7150, 399.9, 1.4153], [7700, 430.6, 1.4029], [8250, 461.4, 1.3915], [8800, 492.1, 1.3742], [9350, 522.8, 1.359], [9900, 553.6, 1.3587], [10450, 584.4, 1.3412], [10728, 600.3, 1.3617]]}
  => val_bpb=1.3617  steps=10728  time=600.3s

============================================================
  Track2B: xavier_rd_spots @ 10min, seed=137
  init=xavier_rd_spots  minutes=10  seed=137
============================================================
RESULT_JSON: {"val_bpb": 1.3401, "init_loss": 5.5439, "init_bpb": 7.9983, "final_train_loss": 0.8965, "total_steps": 10813, "params": 491574, "peak_memory_mb": 6964.0, "wall_time_s": 600.3, "init_method": "xavier_rd_spots", "seed": 137, "time_budget_s": 600, "loss_curve": [[0, 0.1, 7.9959], [550, 30.5, 1.9836], [1100, 61.1, 1.7019], [1650, 91.6, 1.6258], [2200, 122.1, 1.5705], [2750, 152.6, 1.5262], [3300, 183.1, 1.4768], [3850, 213.6, 1.4718], [4400, 244.1, 1.4596], [4950, 274.6, 1.4328], [5500, 305.2, 1.4186], [6050, 335.7, 1.4141], [6600, 366.2, 1.406], [7150, 396.7, 1.3935], [7700, 427.2, 1.376], [8250, 457.7, 1.3718], [8800, 488.2, 1.3617], [9350, 518.7, 1.3759], [9900, 549.3, 1.3563], [10450, 579.8, 1.3442], [10813, 600.3, 1.3401]]}
  => val_bpb=1.3401  steps=10813  time=600.3s
  xavier_rd_spots: mean val_bpb = 1.3509

============================================================
  Track2B: xavier_rd_stripes @ 10min, seed=42
  init=xavier_rd_stripes  minutes=10  seed=42
============================================================
RESULT_JSON: {"val_bpb": 1.3589, "init_loss": 5.5446, "init_bpb": 7.9994, "final_train_loss": 0.9921, "total_steps": 10700, "params": 491574, "peak_memory_mb": 6964.0, "wall_time_s": 600.3, "init_method": "xavier_rd_stripes", "seed": 42, "time_budget_s": 600, "loss_curve": [[0, 0.1, 7.9976], [550, 30.8, 1.9825], [1100, 61.6, 1.7123], [1650, 92.4, 1.6323], [2200, 123.2, 1.5902], [2750, 154.0, 1.5175], [3300, 184.8, 1.5042], [3850, 215.6, 1.4869], [4400, 246.4, 1.465], [4950, 277.3, 1.4527], [5500, 308.2, 1.4554], [6050, 339.0, 1.4169], [6600, 369.9, 1.435], [7150, 400.8, 1.4248], [7700, 431.7, 1.4164], [8250, 462.5, 1.3964], [8800, 493.4, 1.381], [9350, 524.2, 1.3635], [9900, 555.1, 1.3639], [10450, 585.9, 1.3432], [10700, 600.3, 1.3589]]}
  => val_bpb=1.3589  steps=10700  time=600.3s

============================================================
  Track2B: xavier_rd_stripes @ 10min, seed=137
  init=xavier_rd_stripes  minutes=10  seed=137
============================================================
RESULT_JSON: {"val_bpb": 1.3358, "init_loss": 5.5438, "init_bpb": 7.9982, "final_train_loss": 0.9438, "total_steps": 10481, "params": 491574, "peak_memory_mb": 6964.0, "wall_time_s": 600.3, "init_method": "xavier_rd_stripes", "seed": 137, "time_budget_s": 600, "loss_curve": [[0, 0.1, 7.9958], [550, 31.4, 1.9165], [1100, 62.9, 1.6622], [1650, 94.4, 1.6019], [2200, 125.8, 1.5463], [2750, 157.3, 1.4971], [3300, 188.8, 1.46], [3850, 220.3, 1.4435], [4400, 251.8, 1.4337], [4950, 283.3, 1.4049], [5500, 314.8, 1.3963], [6050, 346.3, 1.3924], [6600, 377.8, 1.3762], [7150, 409.2, 1.3671], [7700, 440.7, 1.3472], [8250, 472.2, 1.3438], [8800, 503.6, 1.3349], [9350, 535.1, 1.351], [9900, 566.6, 1.3295], [10450, 598.1, 1.3211], [10481, 600.3, 1.3358]]}
  => val_bpb=1.3358  steps=10481  time=600.3s
  xavier_rd_stripes: mean val_bpb = 1.3474

============================================================
  Track2B: xavier_block_ca @ 10min, seed=42
  init=xavier_block_ca  minutes=10  seed=42
============================================================
RESULT_JSON: {"val_bpb": 1.241, "init_loss": 5.5465, "init_bpb": 8.0015, "final_train_loss": 0.8873, "total_steps": 10790, "params": 491574, "peak_memory_mb": 6964.0, "wall_time_s": 600.3, "init_method": "xavier_block_ca", "seed": 42, "time_budget_s": 600, "loss_curve": [[0, 0.1, 7.9992], [550, 30.6, 1.6424], [1100, 61.2, 1.4996], [1650, 91.7, 1.437], [2200, 122.3, 1.3979], [2750, 152.8, 1.3926], [3300, 183.4, 1.3666], [3850, 214.0, 1.3329], [4400, 244.6, 1.3275], [4950, 275.2, 1.2976], [5500, 305.8, 1.326], [6050, 336.4, 1.2995], [6600, 367.0, 1.3001], [7150, 397.5, 1.2847], [7700, 428.1, 1.2796], [8250, 458.7, 1.2796], [8800, 489.4, 1.2888], [9350, 519.9, 1.2632], [9900, 550.5, 1.2632], [10450, 581.1, 1.2612], [10790, 600.3, 1.241]]}
  => val_bpb=1.2410  steps=10790  time=600.3s

============================================================
  Track2B: xavier_block_ca @ 10min, seed=137
  init=xavier_block_ca  minutes=10  seed=137
============================================================
RESULT_JSON: {"val_bpb": 1.2636, "init_loss": 5.5452, "init_bpb": 7.9998, "final_train_loss": 0.8917, "total_steps": 10744, "params": 491574, "peak_memory_mb": 6964.0, "wall_time_s": 600.3, "init_method": "xavier_block_ca", "seed": 137, "time_budget_s": 600, "loss_curve": [[0, 0.1, 7.9976], [550, 30.7, 1.6654], [1100, 61.4, 1.5186], [1650, 92.1, 1.4437], [2200, 122.8, 1.421], [2750, 153.5, 1.3976], [3300, 184.2, 1.3738], [3850, 215.0, 1.3504], [4400, 245.7, 1.331], [4950, 276.4, 1.3321], [5500, 307.2, 1.302], [6050, 337.9, 1.3047], [6600, 368.6, 1.3061], [7150, 399.3, 1.3015], [7700, 430.0, 1.2734], [8250, 460.7, 1.2765], [8800, 491.4, 1.2833], [9350, 522.1, 1.2654], [9900, 552.8, 1.2516], [10450, 583.6, 1.2573], [10744, 600.3, 1.2636]]}
  => val_bpb=1.2636  steps=10744  time=600.3s
  xavier_block_ca: mean val_bpb = 1.2523

============================================================
  Track2B: xavier_spectral_ca @ 10min, seed=42
  init=xavier_spectral_ca  minutes=10  seed=42
============================================================
RESULT_JSON: {"val_bpb": 1.2675, "init_loss": 5.546, "init_bpb": 8.001, "final_train_loss": 0.8639, "total_steps": 10785, "params": 491574, "peak_memory_mb": 6964.0, "wall_time_s": 600.3, "init_method": "xavier_spectral_ca", "seed": 42, "time_budget_s": 600, "loss_curve": [[0, 0.0, 7.9988], [550, 30.6, 1.6672], [1100, 61.2, 1.4976], [1650, 91.8, 1.4434], [2200, 122.4, 1.4136], [2750, 153.0, 1.3625], [3300, 183.5, 1.3927], [3850, 214.1, 1.359], [4400, 244.7, 1.3385], [4950, 275.3, 1.3054], [5500, 305.9, 1.3072], [6050, 336.5, 1.3062], [6600, 367.1, 1.3154], [7150, 397.7, 1.3089], [7700, 428.3, 1.3], [8250, 458.9, 1.2818], [8800, 489.5, 1.2687], [9350, 520.1, 1.2637], [9900, 550.7, 1.2608], [10450, 581.3, 1.2567], [10785, 600.3, 1.2675]]}
  => val_bpb=1.2675  steps=10785  time=600.3s

============================================================
  Track2B: xavier_spectral_ca @ 10min, seed=137
  init=xavier_spectral_ca  minutes=10  seed=137
============================================================
RESULT_JSON: {"val_bpb": 1.2507, "init_loss": 5.5454, "init_bpb": 8.0002, "final_train_loss": 0.8539, "total_steps": 10687, "params": 491574, "peak_memory_mb": 6964.0, "wall_time_s": 600.3, "init_method": "xavier_spectral_ca", "seed": 137, "time_budget_s": 600, "loss_curve": [[0, 0.1, 7.998], [550, 30.6, 1.6705], [1100, 61.3, 1.5012], [1650, 91.9, 1.4256], [2200, 122.5, 1.3879], [2750, 153.1, 1.3766], [3300, 183.7, 1.3705], [3850, 214.3, 1.3419], [4400, 245.0, 1.3258], [4950, 275.5, 1.3187], [5500, 306.2, 1.2863], [6050, 336.8, 1.3014], [6600, 367.4, 1.2736], [7150, 398.1, 1.2764], [7700, 428.7, 1.2646], [8250, 460.0, 1.2901], [8800, 492.0, 1.2705], [9350, 523.4, 1.2603], [9900, 554.9, 1.2626], [10450, 586.4, 1.2603], [10687, 600.3, 1.2507]]}
  => val_bpb=1.2507  steps=10687  time=600.3s
  xavier_spectral_ca: mean val_bpb = 1.2591

============================================================
  Track2B: xavier baseline @ 10min, seed=42
  init=xavier  minutes=10  seed=42
============================================================
RESULT_JSON: {"val_bpb": 1.2544, "init_loss": 5.5459, "init_bpb": 8.0011, "final_train_loss": 0.9353, "total_steps": 10344, "params": 491574, "peak_memory_mb": 6964.0, "wall_time_s": 600.3, "init_method": "xavier", "seed": 42, "time_budget_s": 600, "loss_curve": [[0, 0.0, 7.9988], [550, 31.4, 1.6693], [1100, 62.7, 1.4995], [1650, 94.0, 1.4425], [2200, 125.4, 1.4126], [2750, 156.7, 1.393], [3300, 188.1, 1.3825], [3850, 219.5, 1.3308], [4400, 250.9, 1.3425], [4950, 282.3, 1.3226], [5500, 313.7, 1.3253], [6050, 345.0, 1.3089], [6600, 376.6, 1.2926], [7150, 408.0, 1.2892], [7700, 439.4, 1.2777], [8200, 469.5, 1.2731], [8700, 499.9, 1.2775], [9200, 530.3, 1.2713], [9700, 560.7, 1.2667], [10200, 591.1, 1.274], [10344, 600.3, 1.2544]]}
  => val_bpb=1.2544  steps=10344  time=600.3s

============================================================
  Track2B: xavier baseline @ 10min, seed=137
  init=xavier  minutes=10  seed=137
============================================================
RESULT_JSON: {"val_bpb": 1.2565, "init_loss": 5.5452, "init_bpb": 8.0, "final_train_loss": 0.8727, "total_steps": 9730, "params": 491574, "peak_memory_mb": 6964.0, "wall_time_s": 600.3, "init_method": "xavier", "seed": 137, "time_budget_s": 600, "loss_curve": [[0, 0.0, 7.9979], [500, 30.8, 1.6595], [1000, 61.5, 1.5008], [1500, 92.3, 1.4116], [2000, 123.0, 1.3942], [2500, 153.9, 1.3643], [3000, 184.7, 1.3411], [3500, 215.5, 1.3463], [4000, 246.3, 1.3353], [4500, 277.1, 1.3043], [5000, 307.9, 1.306], [5500, 338.7, 1.2961], [6000, 369.5, 1.2906], [6500, 400.3, 1.278], [7000, 431.7, 1.2813], [7500, 462.5, 1.2654], [8000, 493.3, 1.2573], [8500, 524.1, 1.2445], [9000, 555.0, 1.2544], [9500, 585.8, 1.2472], [9730, 600.3, 1.2565]]}
  => val_bpb=1.2565  steps=9730  time=600.3s

  === Blend Ratio Comparison (10min, 2 seeds) ===
  method             mean val_bpb   vs xavier
  --------------------------------------------------
  xavier             1.2554        +0.0%
  xavier_ca5         1.2481        +0.6%
  xavier_ca10        1.2603        -0.4%
  xavier_ca15        1.2554        +0.0%
  xavier_ca20        1.2513        +0.3%
  xavier_ca30        1.2630        -0.6%

  === CA Pattern Comparison (10min, best blend, 2 seeds) ===
  method                 mean val_bpb   vs xavier
  -------------------------------------------------------
  xavier                 1.2554        +0.0%
  xavier_grid_ca         1.2667        -0.9%
  xavier_rd_spots        1.3509        -7.6%
  xavier_rd_stripes      1.3474        -7.3%
  xavier_block_ca        1.2523        +0.3%
  xavier_spectral_ca     1.2591        -0.3%

  Overall best init: xavier_ca5 (val_bpb: 1.2481)

Appended 10 rows to results.tsv

Wrote ROUND2_RESULTS.md

======================================================================
  Round 2 complete. Total wall time: 223.2 min (3.7 h)
======================================================================
