
======================================================================
  TRACK 1: HORIZON VALIDATION
======================================================================

============================================================
  Track1: xavier @ 2min, seed=42
  init=xavier  minutes=2  seed=42
============================================================
RESULT_JSON: {"val_bpb": 1.4287, "init_loss": 5.5459, "init_bpb": 8.0011, "final_train_loss": 0.9606, "total_steps": 2086, "params": 491574, "peak_memory_mb": 6158.0, "wall_time_s": 120.4, "init_method": "xavier", "seed": 42, "time_budget_s": 120, "loss_curve": [[0, 0.3, 7.9988], [550, 31.8, 1.6693], [1100, 64.0, 1.4995], [1650, 95.2, 1.4425], [2086, 120.4, 1.4287]]}
  => val_bpb=1.4287  steps=2086  time=120.4s

============================================================
  Track1: xavier @ 2min, seed=137
  init=xavier  minutes=2  seed=137
============================================================
RESULT_JSON: {"val_bpb": 1.3933, "init_loss": 5.5452, "init_bpb": 8.0, "final_train_loss": 0.9653, "total_steps": 2100, "params": 491574, "peak_memory_mb": 6158.0, "wall_time_s": 120.3, "init_method": "xavier", "seed": 137, "time_budget_s": 120, "loss_curve": [[0, 0.1, 7.9979], [550, 31.4, 1.6335], [1100, 62.8, 1.4633], [1650, 94.2, 1.4079], [2100, 120.3, 1.3933]]}
  => val_bpb=1.3933  steps=2100  time=120.3s

============================================================
  Track1: xavier @ 2min, seed=256
  init=xavier  minutes=2  seed=256
============================================================
RESULT_JSON: {"val_bpb": 1.4186, "init_loss": 5.5458, "init_bpb": 8.0011, "final_train_loss": 0.9897, "total_steps": 2005, "params": 491574, "peak_memory_mb": 6158.0, "wall_time_s": 120.3, "init_method": "xavier", "seed": 256, "time_budget_s": 120, "loss_curve": [[0, 0.1, 7.9988], [500, 30.8, 1.6823], [1000, 61.2, 1.527], [1550, 93.8, 1.4469], [2005, 120.3, 1.4186]]}
  => val_bpb=1.4186  steps=2005  time=120.3s

============================================================
  Track1: xavier_ca10 @ 2min, seed=42
  init=xavier_ca10  minutes=2  seed=42
============================================================
RESULT_JSON: {"val_bpb": 1.3874, "init_loss": 5.5464, "init_bpb": 8.0015, "final_train_loss": 0.9923, "total_steps": 2035, "params": 491574, "peak_memory_mb": 6158.0, "wall_time_s": 120.3, "init_method": "xavier_ca10", "seed": 42, "time_budget_s": 120, "loss_curve": [[0, 0.1, 7.9992], [550, 31.7, 1.655], [1100, 63.6, 1.5098], [1600, 93.7, 1.4382], [2035, 120.3, 1.3874]]}
  => val_bpb=1.3874  steps=2035  time=120.3s

============================================================
  Track1: xavier_ca10 @ 2min, seed=137
  init=xavier_ca10  minutes=2  seed=137
============================================================
RESULT_JSON: {"val_bpb": 1.423, "init_loss": 5.5454, "init_bpb": 8.0002, "final_train_loss": 0.9703, "total_steps": 2039, "params": 491574, "peak_memory_mb": 6158.0, "wall_time_s": 120.3, "init_method": "xavier_ca10", "seed": 137, "time_budget_s": 120, "loss_curve": [[0, 0.1, 7.998], [500, 30.1, 1.6975], [1050, 62.4, 1.4988], [1600, 94.5, 1.4585], [2039, 120.3, 1.423]]}
  => val_bpb=1.4230  steps=2039  time=120.3s

============================================================
  Track1: xavier_ca10 @ 2min, seed=256
  init=xavier_ca10  minutes=2  seed=256
============================================================
RESULT_JSON: {"val_bpb": 1.3809, "init_loss": 5.546, "init_bpb": 8.0017, "final_train_loss": 0.9479, "total_steps": 2064, "params": 491574, "peak_memory_mb": 6158.0, "wall_time_s": 120.3, "init_method": "xavier_ca10", "seed": 256, "time_budget_s": 120, "loss_curve": [[0, 0.1, 7.9991], [550, 32.0, 1.6598], [1100, 64.0, 1.4748], [1650, 95.9, 1.4163], [2064, 120.3, 1.3809]]}
  => val_bpb=1.3809  steps=2064  time=120.3s

============================================================
  Track1: xavier @ 10min, seed=42
  init=xavier  minutes=10  seed=42
============================================================
RESULT_JSON: {"val_bpb": 1.2633, "init_loss": 5.5459, "init_bpb": 8.0011, "final_train_loss": 0.8434, "total_steps": 10184, "params": 491574, "peak_memory_mb": 6158.0, "wall_time_s": 600.4, "init_method": "xavier", "seed": 42, "time_budget_s": 600, "loss_curve": [[0, 0.1, 7.9988], [550, 33.0, 1.6693], [1100, 65.7, 1.4996], [1650, 98.3, 1.4425], [2200, 130.4, 1.4126], [2750, 162.7, 1.393], [3300, 194.8, 1.3825], [3850, 227.1, 1.3308], [4400, 259.4, 1.3425], [4900, 289.8, 1.3113], [5450, 322.4, 1.3007], [6000, 354.6, 1.3105], [6550, 386.7, 1.2911], [7100, 418.8, 1.2822], [7650, 451.0, 1.2897], [8200, 483.3, 1.2739], [8750, 515.4, 1.2644], [9300, 548.0, 1.2891], [9850, 580.4, 1.269], [10184, 600.4, 1.2633]]}
  => val_bpb=1.2633  steps=10184  time=600.4s

============================================================
  Track1: xavier @ 10min, seed=137
  init=xavier  minutes=10  seed=137
============================================================
RESULT_JSON: {"val_bpb": 1.2459, "init_loss": 5.5452, "init_bpb": 8.0, "final_train_loss": 0.8649, "total_steps": 10526, "params": 491574, "peak_memory_mb": 6158.0, "wall_time_s": 600.3, "init_method": "xavier", "seed": 137, "time_budget_s": 600, "loss_curve": [[0, 0.0, 7.9979], [550, 31.5, 1.6335], [1100, 63.0, 1.4633], [1650, 94.4, 1.4079], [2200, 125.9, 1.3879], [2750, 157.4, 1.3709], [3300, 188.9, 1.3522], [3850, 220.4, 1.3038], [4400, 251.9, 1.321], [4950, 283.3, 1.3106], [5500, 314.8, 1.2989], [6050, 346.2, 1.282], [6600, 377.4, 1.2963], [7150, 408.5, 1.2827], [7700, 439.6, 1.2833], [8250, 470.8, 1.2654], [8800, 502.0, 1.2643], [9350, 533.1, 1.2494], [9900, 564.4, 1.2369], [10450, 595.5, 1.2667], [10526, 600.3, 1.2459]]}
  => val_bpb=1.2459  steps=10526  time=600.3s

============================================================
  Track1: xavier @ 10min, seed=256
  init=xavier  minutes=10  seed=256
============================================================
RESULT_JSON: {"val_bpb": 1.2315, "init_loss": 5.5458, "init_bpb": 8.0011, "final_train_loss": 0.8815, "total_steps": 10314, "params": 491574, "peak_memory_mb": 6158.0, "wall_time_s": 600.4, "init_method": "xavier", "seed": 256, "time_budget_s": 600, "loss_curve": [[0, 0.0, 7.9988], [550, 31.7, 1.6427], [1100, 63.4, 1.5111], [1650, 95.1, 1.4282], [2200, 126.8, 1.3978], [2750, 158.5, 1.353], [3300, 190.2, 1.3578], [3850, 221.9, 1.3288], [4400, 253.7, 1.2981], [4950, 285.7, 1.3164], [5500, 317.6, 1.2804], [6050, 349.6, 1.2911], [6600, 381.5, 1.2765], [7150, 413.2, 1.2823], [7700, 445.0, 1.2921], [8250, 476.8, 1.2732], [8800, 508.6, 1.2805], [9350, 540.6, 1.2809], [9850, 571.6, 1.2661], [10314, 600.4, 1.2315]]}
  => val_bpb=1.2315  steps=10314  time=600.4s

============================================================
  Track1: xavier_ca10 @ 10min, seed=42
  init=xavier_ca10  minutes=10  seed=42
============================================================
RESULT_JSON: {"val_bpb": 1.2488, "init_loss": 5.5464, "init_bpb": 8.0015, "final_train_loss": 0.8889, "total_steps": 9846, "params": 491574, "peak_memory_mb": 6158.0, "wall_time_s": 600.3, "init_method": "xavier_ca10", "seed": 42, "time_budget_s": 600, "loss_curve": [[0, 0.0, 7.9992], [500, 30.4, 1.7079], [1000, 60.7, 1.5182], [1500, 91.1, 1.4476], [2000, 121.4, 1.4], [2500, 151.8, 1.3671], [3000, 182.2, 1.3362], [3500, 212.6, 1.3558], [4000, 243.6, 1.3273], [4500, 274.1, 1.3061], [5000, 304.5, 1.3136], [5500, 335.0, 1.3161], [6000, 365.4, 1.2902], [6500, 395.9, 1.2822], [7000, 426.3, 1.278], [7500, 456.7, 1.2766], [8000, 487.2, 1.2662], [8500, 517.6, 1.2728], [9000, 548.1, 1.2487], [9500, 578.9, 1.2656], [9846, 600.3, 1.2488]]}
  => val_bpb=1.2488  steps=9846  time=600.3s

============================================================
  Track1: xavier_ca10 @ 10min, seed=137
  init=xavier_ca10  minutes=10  seed=137
============================================================
RESULT_JSON: {"val_bpb": 1.2576, "init_loss": 5.5454, "init_bpb": 8.0002, "final_train_loss": 0.8667, "total_steps": 9784, "params": 491574, "peak_memory_mb": 6158.0, "wall_time_s": 600.3, "init_method": "xavier_ca10", "seed": 137, "time_budget_s": 600, "loss_curve": [[0, 0.0, 7.998], [500, 30.7, 1.6975], [1000, 61.2, 1.5115], [1500, 91.8, 1.4619], [2000, 122.4, 1.418], [2500, 153.1, 1.386], [3000, 183.7, 1.3671], [3500, 214.4, 1.3546], [4000, 245.0, 1.3447], [4500, 275.6, 1.3095], [5000, 306.2, 1.3011], [5500, 336.9, 1.3186], [6000, 367.5, 1.3111], [6500, 398.1, 1.3226], [7000, 428.7, 1.3073], [7500, 459.3, 1.2876], [8000, 490.0, 1.2951], [8500, 521.3, 1.269], [9000, 551.9, 1.2633], [9500, 582.6, 1.2516], [9784, 600.3, 1.2576]]}
  => val_bpb=1.2576  steps=9784  time=600.3s

============================================================
  Track1: xavier_ca10 @ 10min, seed=256
  init=xavier_ca10  minutes=10  seed=256
============================================================
RESULT_JSON: {"val_bpb": 1.2544, "init_loss": 5.546, "init_bpb": 8.0017, "final_train_loss": 0.9073, "total_steps": 9694, "params": 491574, "peak_memory_mb": 6158.0, "wall_time_s": 600.3, "init_method": "xavier_ca10", "seed": 256, "time_budget_s": 600, "loss_curve": [[0, 0.1, 7.9991], [500, 31.0, 1.6705], [1000, 62.0, 1.5114], [1500, 92.9, 1.4563], [2000, 123.8, 1.388], [2500, 154.7, 1.3616], [3000, 186.2, 1.35], [3500, 217.1, 1.3252], [4000, 248.0, 1.3262], [4500, 278.9, 1.305], [5000, 309.7, 1.3107], [5500, 340.6, 1.2658], [6000, 371.4, 1.3], [6500, 402.3, 1.303], [7000, 433.2, 1.2902], [7500, 464.0, 1.2794], [8000, 495.5, 1.2693], [8500, 526.3, 1.292], [9000, 557.1, 1.2677], [9500, 588.0, 1.2789], [9694, 600.3, 1.2544]]}
  => val_bpb=1.2544  steps=9694  time=600.3s

============================================================
  Track1: xavier @ 30min, seed=42
  init=xavier  minutes=30  seed=42
============================================================
RESULT_JSON: {"val_bpb": 1.1782, "init_loss": 5.5459, "init_bpb": 8.0011, "final_train_loss": 0.8294, "total_steps": 30638, "params": 491574, "peak_memory_mb": 6158.0, "wall_time_s": 1800.3, "init_method": "xavier", "seed": 42, "time_budget_s": 1800, "loss_curve": [[0, 0.1, 7.9988], [500, 30.4, 1.6892], [1000, 60.8, 1.5279], [1500, 91.1, 1.4591], [2000, 121.5, 1.4136], [2500, 151.9, 1.3941], [3000, 182.8, 1.3696], [3500, 213.3, 1.3454], [4000, 243.7, 1.3389], [4500, 274.1, 1.3092], [5000, 304.5, 1.339], [5500, 334.9, 1.3152], [6000, 365.4, 1.3141], [6500, 395.9, 1.2844], [7000, 426.3, 1.2985], [7500, 456.8, 1.2788], [8000, 487.2, 1.2682], [8500, 517.7, 1.2594], [9000, 548.7, 1.2649], [9500, 579.1, 1.2516], [10000, 609.6, 1.2523], [10500, 640.0, 1.2436], [11000, 670.4, 1.2637], [11500, 700.9, 1.2734], [12000, 731.3, 1.234], [12500, 761.8, 1.2347], [13000, 792.2, 1.2419], [13500, 822.7, 1.2505], [14000, 853.1, 1.2512], [14500, 883.6, 1.2345], [15000, 914.1, 1.2309], [15500, 944.5, 1.2217], [16000, 975.0, 1.2247], [16500, 1006.0, 1.2367], [17000, 1036.4, 1.2371], [17500, 1067.0, 1.2182], [18000, 1097.4, 1.2276], [18550, 1129.4, 1.2193], [19100, 1160.0, 1.2237], [19650, 1190.4, 1.2051], [20200, 1220.9, 1.2234], [20750, 1251.4, 1.2181], [21300, 1281.9, 1.2369], [21850, 1312.4, 1.2044], [22400, 1342.9, 1.1974], [22950, 1373.4, 1.2085], [23500, 1404.0, 1.2027], [24050, 1434.5, 1.2158], [24600, 1465.0, 1.1908], [25150, 1495.5, 1.1855], [25700, 1526.1, 1.1959], [26250, 1556.6, 1.2056], [26800, 1587.1, 1.1828], [27350, 1617.6, 1.2025], [27900, 1648.2, 1.2056], [28450, 1678.7, 1.1969], [29000, 1709.2, 1.1994], [29550, 1739.7, 1.2117], [30100, 1770.2, 1.2038], [30638, 1800.3, 1.1782]]}
  => val_bpb=1.1782  steps=30638  time=1800.3s

============================================================
  Track1: xavier @ 30min, seed=137
  init=xavier  minutes=30  seed=137
============================================================
RESULT_JSON: {"val_bpb": 1.1927, "init_loss": 5.5452, "init_bpb": 8.0, "final_train_loss": 0.8478, "total_steps": 31794, "params": 491574, "peak_memory_mb": 6158.0, "wall_time_s": 1800.3, "init_method": "xavier", "seed": 137, "time_budget_s": 1800, "loss_curve": [[0, 0.0, 7.9979], [550, 31.2, 1.6335], [1100, 62.3, 1.4633], [1650, 93.4, 1.4079], [2200, 124.5, 1.3879], [2750, 155.7, 1.3709], [3300, 186.9, 1.3522], [3850, 218.0, 1.3038], [4400, 249.1, 1.321], [4950, 280.3, 1.3105], [5500, 311.4, 1.299], [6050, 342.6, 1.282], [6600, 373.7, 1.2963], [7150, 404.8, 1.2826], [7700, 435.9, 1.2834], [8250, 467.1, 1.2656], [8800, 498.2, 1.2644], [9350, 529.3, 1.2493], [9900, 560.5, 1.2369], [10450, 591.6, 1.2664], [11000, 622.7, 1.2356], [11550, 653.8, 1.2335], [12100, 685.0, 1.2484], [12650, 716.1, 1.2434], [13200, 747.2, 1.2429], [13750, 778.4, 1.2236], [14300, 809.5, 1.2416], [14850, 840.6, 1.2243], [15400, 871.8, 1.2262], [15950, 902.9, 1.2358], [16500, 934.1, 1.2469], [17050, 965.2, 1.2289], [17600, 996.3, 1.2276], [18150, 1027.5, 1.2121], [18700, 1058.6, 1.2079], [19250, 1089.7, 1.2193], [19800, 1120.9, 1.229], [20350, 1152.1, 1.2228], [20900, 1183.2, 1.2171], [21450, 1214.3, 1.2167], [22000, 1245.5, 1.206], [22550, 1276.6, 1.1975], [23100, 1307.7, 1.211], [23650, 1338.8, 1.204], [24200, 1369.9, 1.2112], [24750, 1401.1, 1.2098], [25300, 1432.2, 1.2198], [25850, 1463.4, 1.2128], [26400, 1494.5, 1.209], [26950, 1525.7, 1.2054], [27500, 1556.8, 1.2032], [28050, 1588.0, 1.1903], [28600, 1619.1, 1.1843], [29150, 1650.3, 1.1973], [29700, 1681.4, 1.2123], [30250, 1712.6, 1.1821], [30800, 1743.7, 1.1793], [31350, 1774.9, 1.1713], [31794, 1800.3, 1.1927]]}
  => val_bpb=1.1927  steps=31794  time=1800.3s

============================================================
  Track1: xavier @ 30min, seed=256
  init=xavier  minutes=30  seed=256
============================================================
RESULT_JSON: {"val_bpb": 1.2126, "init_loss": 5.5458, "init_bpb": 8.0011, "final_train_loss": 0.8325, "total_steps": 32390, "params": 491574, "peak_memory_mb": 6158.0, "wall_time_s": 1800.3, "init_method": "xavier", "seed": 256, "time_budget_s": 1800, "loss_curve": [[0, 0.0, 7.9988], [550, 30.5, 1.6427], [1100, 61.0, 1.5111], [1650, 91.5, 1.4282], [2200, 122.1, 1.3978], [2750, 152.7, 1.353], [3300, 183.2, 1.3578], [3850, 213.8, 1.3288], [4400, 244.3, 1.2981], [4950, 274.9, 1.3164], [5500, 305.5, 1.2805], [6050, 336.1, 1.2911], [6600, 366.7, 1.2765], [7150, 397.2, 1.2823], [7700, 427.8, 1.2921], [8250, 458.4, 1.2732], [8800, 488.9, 1.2806], [9350, 519.5, 1.2809], [9900, 550.1, 1.2535], [10450, 580.7, 1.2404], [11000, 611.3, 1.2666], [11550, 641.9, 1.2473], [12100, 672.4, 1.2595], [12650, 703.0, 1.2263], [13200, 733.6, 1.2286], [13750, 764.1, 1.2314], [14300, 794.7, 1.2457], [14850, 825.3, 1.2344], [15400, 855.9, 1.2406], [15950, 886.5, 1.2234], [16500, 917.1, 1.2135], [17050, 947.6, 1.2397], [17600, 978.2, 1.2322], [18150, 1008.8, 1.2303], [18700, 1039.4, 1.2349], [19250, 1069.9, 1.2231], [19800, 1100.5, 1.2219], [20350, 1131.0, 1.2093], [20900, 1161.6, 1.2263], [21450, 1192.2, 1.2185], [22000, 1222.7, 1.2161], [22550, 1253.3, 1.2155], [23100, 1283.8, 1.205], [23650, 1314.4, 1.2067], [24200, 1344.9, 1.217], [24750, 1375.5, 1.2053], [25300, 1406.1, 1.2096], [25850, 1436.6, 1.2188], [26400, 1467.2, 1.1973], [26950, 1497.8, 1.202], [27500, 1528.4, 1.1813], [28050, 1558.9, 1.2016], [28600, 1589.5, 1.2029], [29150, 1620.0, 1.1966], [29700, 1650.6, 1.2206], [30250, 1681.2, 1.1988], [30800, 1711.7, 1.1974], [31350, 1742.3, 1.2158], [31900, 1772.8, 1.1675], [32390, 1800.3, 1.2126]]}
  => val_bpb=1.2126  steps=32390  time=1800.3s

============================================================
  Track1: xavier_ca10 @ 30min, seed=42
  init=xavier_ca10  minutes=30  seed=42
============================================================
RESULT_JSON: {"val_bpb": 1.1667, "init_loss": 5.5464, "init_bpb": 8.0015, "final_train_loss": 0.8064, "total_steps": 31780, "params": 491574, "peak_memory_mb": 6158.0, "wall_time_s": 1800.3, "init_method": "xavier_ca10", "seed": 42, "time_budget_s": 1800, "loss_curve": [[0, 0.0, 7.9992], [550, 31.1, 1.655], [1100, 62.3, 1.5098], [1650, 93.4, 1.4304], [2200, 124.5, 1.404], [2750, 155.7, 1.3611], [3300, 186.9, 1.3567], [3850, 218.0, 1.313], [4400, 249.2, 1.3089], [4950, 280.3, 1.3072], [5500, 311.5, 1.2945], [6050, 342.7, 1.2948], [6600, 373.8, 1.2811], [7150, 404.9, 1.2661], [7700, 436.1, 1.2847], [8250, 467.2, 1.2758], [8800, 498.4, 1.2517], [9350, 529.5, 1.2553], [9900, 560.7, 1.2398], [10450, 591.9, 1.2734], [11000, 623.0, 1.2345], [11550, 654.1, 1.2507], [12100, 685.3, 1.2405], [12650, 716.4, 1.2413], [13200, 747.5, 1.227], [13750, 778.7, 1.226], [14300, 809.8, 1.2352], [14850, 841.0, 1.2022], [15400, 872.2, 1.2388], [15950, 903.3, 1.219], [16500, 934.4, 1.2242], [17050, 965.6, 1.2298], [17600, 996.7, 1.2383], [18150, 1027.9, 1.2144], [18700, 1059.0, 1.2226], [19250, 1090.2, 1.202], [19800, 1121.3, 1.2027], [20350, 1152.5, 1.2038], [20900, 1183.6, 1.1895], [21450, 1214.8, 1.2276], [22000, 1245.9, 1.2017], [22550, 1277.1, 1.2023], [23100, 1308.2, 1.2052], [23650, 1339.4, 1.2145], [24200, 1370.6, 1.1992], [24750, 1401.7, 1.2258], [25300, 1433.0, 1.1976], [25850, 1464.1, 1.2017], [26400, 1495.3, 1.192], [26950, 1526.4, 1.1916], [27500, 1557.5, 1.1767], [28050, 1588.7, 1.2063], [28600, 1619.8, 1.2075], [29150, 1651.0, 1.2048], [29700, 1682.2, 1.1993], [30250, 1713.3, 1.1821], [30800, 1744.5, 1.191], [31350, 1775.7, 1.1942], [31780, 1800.3, 1.1667]]}
  => val_bpb=1.1667  steps=31780  time=1800.3s

============================================================
  Track1: xavier_ca10 @ 30min, seed=137
  init=xavier_ca10  minutes=30  seed=137
============================================================
RESULT_JSON: {"val_bpb": 1.1875, "init_loss": 5.5454, "init_bpb": 8.0002, "final_train_loss": 0.8059, "total_steps": 32388, "params": 491574, "peak_memory_mb": 6158.0, "wall_time_s": 1800.3, "init_method": "xavier_ca10", "seed": 137, "time_budget_s": 1800, "loss_curve": [[0, 0.1, 7.998], [550, 30.5, 1.6465], [1100, 61.1, 1.518], [1650, 91.6, 1.4357], [2200, 122.2, 1.3906], [2750, 152.7, 1.3827], [3300, 183.3, 1.3521], [3850, 213.9, 1.362], [4400, 244.5, 1.3311], [4950, 275.0, 1.3187], [5500, 305.6, 1.3033], [6050, 336.1, 1.3119], [6600, 366.7, 1.2916], [7150, 397.2, 1.2793], [7700, 427.8, 1.2829], [8250, 458.3, 1.2889], [8800, 488.9, 1.2887], [9350, 519.4, 1.2682], [9900, 550.0, 1.2443], [10450, 580.6, 1.2494], [11000, 611.2, 1.2518], [11550, 641.7, 1.2739], [12100, 672.2, 1.2228], [12650, 702.8, 1.2493], [13200, 733.3, 1.243], [13750, 764.0, 1.25], [14300, 794.5, 1.2319], [14850, 825.1, 1.2483], [15400, 855.6, 1.2477], [15950, 886.2, 1.2227], [16500, 916.8, 1.2271], [17050, 947.4, 1.2248], [17600, 978.0, 1.2306], [18150, 1008.6, 1.2108], [18700, 1039.1, 1.2103], [19250, 1069.6, 1.2295], [19800, 1100.2, 1.217], [20350, 1130.8, 1.224], [20900, 1161.3, 1.2204], [21450, 1191.9, 1.1948], [22000, 1222.4, 1.2201], [22550, 1253.0, 1.1948], [23100, 1283.5, 1.2052], [23650, 1314.1, 1.2128], [24200, 1344.7, 1.2183], [24750, 1375.3, 1.2176], [25300, 1405.9, 1.2071], [25850, 1436.5, 1.2036], [26400, 1467.1, 1.2188], [26950, 1497.7, 1.1997], [27500, 1528.3, 1.2024], [28050, 1558.8, 1.2029], [28600, 1589.4, 1.2221], [29150, 1620.0, 1.1838], [29700, 1650.6, 1.2048], [30250, 1681.1, 1.1897], [30800, 1711.7, 1.2004], [31350, 1742.3, 1.1936], [31900, 1772.9, 1.2025], [32388, 1800.3, 1.1875]]}
  => val_bpb=1.1875  steps=32388  time=1800.3s

============================================================
  Track1: xavier_ca10 @ 30min, seed=256
  init=xavier_ca10  minutes=30  seed=256
============================================================
RESULT_JSON: {"val_bpb": 1.2006, "init_loss": 5.546, "init_bpb": 8.0017, "final_train_loss": 0.8325, "total_steps": 31484, "params": 491574, "peak_memory_mb": 6158.0, "wall_time_s": 1800.3, "init_method": "xavier_ca10", "seed": 256, "time_budget_s": 1800, "loss_curve": [[0, 0.0, 7.9991], [550, 31.4, 1.6598], [1100, 62.9, 1.4748], [1650, 94.4, 1.4163], [2200, 125.8, 1.3885], [2750, 157.3, 1.3858], [3300, 188.7, 1.3649], [3850, 220.2, 1.3313], [4400, 251.6, 1.3057], [4950, 283.1, 1.3027], [5500, 314.5, 1.3175], [6050, 345.9, 1.2787], [6600, 377.3, 1.2931], [7150, 408.8, 1.2813], [7700, 440.3, 1.2835], [8250, 471.7, 1.2886], [8800, 503.2, 1.2556], [9350, 534.6, 1.237], [9900, 566.0, 1.2727], [10450, 597.5, 1.244], [11000, 628.9, 1.2744], [11550, 660.3, 1.2568], [12100, 691.7, 1.2561], [12650, 723.1, 1.2407], [13200, 754.6, 1.2466], [13750, 786.0, 1.2461], [14300, 817.4, 1.2487], [14850, 848.9, 1.2376], [15400, 880.4, 1.2306], [15950, 911.8, 1.2443], [16500, 943.2, 1.2299], [17050, 974.6, 1.2452], [17600, 1006.1, 1.2337], [18150, 1037.6, 1.229], [18700, 1069.0, 1.2348], [19250, 1100.4, 1.2115], [19800, 1131.9, 1.2107], [20350, 1163.3, 1.2098], [20900, 1194.8, 1.2076], [21450, 1226.2, 1.2266], [22000, 1257.7, 1.2104], [22550, 1289.1, 1.2159], [23100, 1320.5, 1.1968], [23650, 1352.0, 1.196], [24200, 1383.4, 1.2057], [24750, 1414.9, 1.1929], [25300, 1446.3, 1.2233], [25850, 1477.8, 1.1969], [26400, 1509.2, 1.1826], [26950, 1540.7, 1.2052], [27500, 1572.1, 1.1885], [28050, 1603.6, 1.1982], [28600, 1635.0, 1.1935], [29150, 1666.4, 1.2023], [29700, 1697.9, 1.2042], [30250, 1729.3, 1.1913], [30800, 1760.7, 1.1969], [31350, 1792.2, 1.1888], [31484, 1800.3, 1.2006]]}
  => val_bpb=1.2006  steps=31484  time=1800.3s


======================================================================
  === CA Init Horizon Validation (3 seeds) ===
======================================================================
horizon    xavier (mean±std)      ca10 (mean±std)        improvement    trend
--------------------------------------------------------------------------------
  2 min    1.4135 ± 0.0149    1.3971 ± 0.0185    +1.2%         -
 10 min    1.2469 ± 0.0130    1.2536 ± 0.0036    -0.5%         ↓
 30 min    1.1945 ± 0.0141    1.1849 ± 0.0140    +0.8%         ↑

  --- Loss Curves ---

  2-minute horizon:
    xavier seed=42: s0:7.9988  s550:1.6693  s1100:1.4995  s1650:1.4425  s2086:1.4287
    xavier seed=137: s0:7.9979  s550:1.6335  s1100:1.4633  s1650:1.4079  s2100:1.3933
    xavier seed=256: s0:7.9988  s500:1.6823  s1000:1.5270  s1550:1.4469  s2005:1.4186
    xavier_ca10 seed=42: s0:7.9992  s550:1.6550  s1100:1.5098  s1600:1.4382  s2035:1.3874
    xavier_ca10 seed=137: s0:7.9980  s500:1.6975  s1050:1.4988  s1600:1.4585  s2039:1.4230
    xavier_ca10 seed=256: s0:7.9991  s550:1.6598  s1100:1.4748  s1650:1.4163  s2064:1.3809

  10-minute horizon:
    xavier seed=42: s8200:1.2739  s8750:1.2644  s9300:1.2891  s9850:1.2690  s10184:1.2633
    xavier seed=137: s8800:1.2643  s9350:1.2494  s9900:1.2369  s10450:1.2667  s10526:1.2459
    xavier seed=256: s8250:1.2732  s8800:1.2805  s9350:1.2809  s9850:1.2661  s10314:1.2315
    xavier_ca10 seed=42: s8000:1.2662  s8500:1.2728  s9000:1.2487  s9500:1.2656  s9846:1.2488
    xavier_ca10 seed=137: s8000:1.2951  s8500:1.2690  s9000:1.2633  s9500:1.2516  s9784:1.2576
    xavier_ca10 seed=256: s8000:1.2693  s8500:1.2920  s9000:1.2677  s9500:1.2789  s9694:1.2544

  30-minute horizon:
    xavier seed=42: s28450:1.1969  s29000:1.1994  s29550:1.2117  s30100:1.2038  s30638:1.1782
    xavier seed=137: s29700:1.2123  s30250:1.1821  s30800:1.1793  s31350:1.1713  s31794:1.1927
    xavier seed=256: s30250:1.1988  s30800:1.1974  s31350:1.2158  s31900:1.1675  s32390:1.2126
    xavier_ca10 seed=42: s29700:1.1993  s30250:1.1821  s30800:1.1910  s31350:1.1942  s31780:1.1667
    xavier_ca10 seed=137: s30250:1.1897  s30800:1.2004  s31350:1.1936  s31900:1.2025  s32388:1.1875
    xavier_ca10 seed=256: s29700:1.2042  s30250:1.1913  s30800:1.1969  s31350:1.1888  s31484:1.2006

  Verdict: CONSTANT OFFSET — CA gives a fixed improvement

Appended 6 rows to results.tsv

Wrote ROUND2_RESULTS.md

======================================================================
  Round 2 complete. Total wall time: 254.8 min (4.2 h)
======================================================================
